<?xml version="1.0" encoding="UTF-8"?>
<testng-results skipped="0" failed="0" ignored="0" total="1" passed="1">
  <reporter-output>
  </reporter-output>
  <suite name="Default suite" duration-ms="15437" started-at="2018-05-16T08:45:51Z" finished-at="2018-05-16T08:46:06Z">
    <groups>
    </groups>
    <test name="Default test" duration-ms="15437" started-at="2018-05-16T08:45:51Z" finished-at="2018-05-16T08:46:06Z">
      <class name="tests.SearchTest">
        <test-method status="PASS" signature="SetUp()[pri:0, instance:tests.SearchTest@a38d7a3]" name="SetUp" is-config="true" duration-ms="6200" started-at="2018-05-16T08:45:51Z" finished-at="2018-05-16T08:45:57Z">
          <reporter-output>
          </reporter-output>
        </test-method> <!-- SetUp -->
        <test-method status="PASS" signature="InitializePageObjects()[pri:0, instance:tests.SearchTest@a38d7a3]" name="InitializePageObjects" is-config="true" duration-ms="27" started-at="2018-05-16T08:45:57Z" finished-at="2018-05-16T08:45:57Z">
          <reporter-output>
          </reporter-output>
        </test-method> <!-- InitializePageObjects -->
        <test-method status="PASS" signature="SearchforProperty()[pri:0, instance:tests.SearchTest@a38d7a3]" name="SearchforProperty" duration-ms="8547" started-at="2018-05-16T08:45:57Z" finished-at="2018-05-16T08:46:05Z">
          <reporter-output>
          </reporter-output>
        </test-method> <!-- SearchforProperty -->
        <test-method status="PASS" signature="tearDown()[pri:0, instance:tests.SearchTest@a38d7a3]" name="tearDown" is-config="true" duration-ms="644" started-at="2018-05-16T08:46:05Z" finished-at="2018-05-16T08:46:06Z">
          <reporter-output>
          </reporter-output>
        </test-method> <!-- tearDown -->
      </class> <!-- tests.SearchTest -->
    </test> <!-- Default test -->
  </suite> <!-- Default suite -->
</testng-results>
